[handleMsg]:  {
  key: {
    remoteJid: '573237589548@s.whatsapp.net',
    fromMe: false,
    id: '3F47B48CF9CAFC44A12A',
    participant: undefined
  },
  messageTimestamp: 1738994510,
  pushName: 'Angel',
  broadcast: false,
  message: Message {
    extendedTextMessage: ExtendedTextMessage { text: 'hola', contextInfo: [ContextInfo] },
    messageContextInfo: MessageContextInfo {
      deviceListMetadata: [DeviceListMetadata],
      deviceListMetadataVersion: 2
    }
  },
  body: 'hola',
  from: '573237589548'
}
[QUEUE_SE_ENVIO]:  {
  ref: 'ans_deae4e09-eff3-4f3e-9899-57946fb3e06f',
  keyword: 'key_7e528b46-2dc5-4f3b-889c-382c13aad519',
  answer: '👋 ¡Hola! Bienvenid@ a *Fercementos*! 😊',
  options: {
    media: null,
    buttons: [],
    capture: false,
    child: null,
    delay: 500,
    idle: null,
    ref: null,
    nested: [],
    keyword: {},
    callback: true
  },
  refSerialize: '2668d8992d681211de3d7d277e0dd2ca'
}
[QUEUE_SE_ENVIO]:  {
  ref: 'ans_00e386bc-c52c-44cf-878c-97629b38828c',
  keyword: 'ans_deae4e09-eff3-4f3e-9899-57946fb3e06f',
  answer: 'Escribe el número de la opción que deseas:',
  options: {
    media: null,
    buttons: [],
    capture: true,
    child: null,
    delay: 0,
    idle: null,
    ref: null,
    nested: [],
    keyword: {},
    callback: true
  },
  refSerialize: '85bf0ec07eac417a557634bf823a93bd'
}
[handleMsg]:  {
  key: {
    remoteJid: '573237589548@s.whatsapp.net',
    fromMe: false,
    id: '3FDFB44616E9D6620FC6',
    participant: undefined
  },
  messageTimestamp: 1738994514,
  pushName: 'Angel',
  broadcast: false,
  message: Message {
    extendedTextMessage: ExtendedTextMessage { text: '1', contextInfo: [ContextInfo] },
    messageContextInfo: MessageContextInfo {
      deviceListMetadata: [DeviceListMetadata],
      deviceListMetadataVersion: 2
    }
  },
  body: '1',
  from: '573237589548'
}
[QUEUE_SE_ENVIO]:  {
  ref: 'ans_deae4e09-eff3-4f3e-9899-57946fb3e06f',
  keyword: 'key_7e528b46-2dc5-4f3b-889c-382c13aad519',
  answer: '👋 ¡Hola! Bienvenid@ a *Fercementos*! 😊',
  options: {
    media: null,
    buttons: [],
    capture: false,
    child: null,
    delay: 500,
    idle: null,
    ref: null,
    nested: [],
    keyword: {},
    callback: true
  },
  refSerialize: '2668d8992d681211de3d7d277e0dd2ca'
}
[QUEUE_SE_ENVIO]:  {
  ref: 'ans_00e386bc-c52c-44cf-878c-97629b38828c',
  keyword: 'ans_deae4e09-eff3-4f3e-9899-57946fb3e06f',
  answer: 'Escribe el número de la opción que deseas:',
  options: {
    media: null,
    buttons: [],
    capture: true,
    child: null,
    delay: 0,
    idle: null,
    ref: null,
    nested: [],
    keyword: {},
    callback: true
  },
  refSerialize: '85bf0ec07eac417a557634bf823a93bd'
}
